<?xml version="1.0" encoding="UTF-8"?>
<testsuite name="com.arka.arkavalenzuela.ServletInitializerTest" tests="1" skipped="0" failures="0" errors="0" timestamp="2025-07-12T04:00:00.745Z" hostname="ALIEN" time="0.017">
  <properties/>
  <testcase name="testConfigureAddsCorrectSource()" classname="com.arka.arkavalenzuela.ServletInitializerTest" time="0.017"/>
  <system-out><![CDATA[]]></system-out>
  <system-err><![CDATA[]]></system-err>
</testsuite>
