<?xml version="1.0" encoding="UTF-8"?>
<testsuite name="com.arka.arkavalenzuela.ArkajvalenzuelaApplicationTests" tests="1" skipped="0" failures="0" errors="0" timestamp="2025-07-12T03:59:59.843Z" hostname="ALIEN" time="0.897">
  <properties/>
  <testcase name="contextLoads()" classname="com.arka.arkavalenzuela.ArkajvalenzuelaApplicationTests" time="0.897"/>
  <system-out><![CDATA[23:59:48.957 [Test worker] INFO org.springframework.test.context.support.AnnotationConfigContextLoaderUtils -- Could not detect default configuration classes for test class [com.arka.arkavalenzuela.ArkajvalenzuelaApplicationTests]: ArkajvalenzuelaApplicationTests does not declare any static, non-private, non-final, nested classes annotated with @Configuration.
23:59:49.335 [Test worker] INFO org.springframework.boot.test.context.SpringBootTestContextBootstrapper -- Found @SpringBootConfiguration com.arka.arkavalenzuela.ArkajvalenzuelaApplication for test class com.arka.arkavalenzuela.ArkajvalenzuelaApplicationTests

  .   ____          _            __ _ _
 /\\ / ___'_ __ _ _(_)_ __  __ _ \ \ \ \
( ( )\___ | '_ | '_| | '_ \/ _` | \ \ \ \
 \\/  ___)| |_)| | | | | || (_| |  ) ) ) )
  '  |____| .__|_| |_|_| |_\__, | / / / /
 =========|_|==============|___/=/_/_/_/

 :: Spring Boot ::                (v3.5.3)

2025-07-11T23:59:50.574-04:00  INFO 22656 --- [arkajvalenzuela] [    Test worker] c.a.a.ArkajvalenzuelaApplicationTests    : Starting ArkajvalenzuelaApplicationTests using Java 17.0.8 with PID 22656 (started by valen in C:\Proyectos\CLASE-LUNES\arkajvalenzuela\arkavalenzuela)
2025-07-11T23:59:50.574-04:00  INFO 22656 --- [arkajvalenzuela] [    Test worker] c.a.a.ArkajvalenzuelaApplicationTests    : The following 1 profile is active: "test"
2025-07-11T23:59:52.360-04:00  INFO 22656 --- [arkajvalenzuela] [    Test worker] .s.d.r.c.RepositoryConfigurationDelegate : Bootstrapping Spring Data JPA repositories in DEFAULT mode.
2025-07-11T23:59:52.534-04:00  INFO 22656 --- [arkajvalenzuela] [    Test worker] .s.d.r.c.RepositoryConfigurationDelegate : Finished Spring Data repository scanning in 144 ms. Found 2 JPA repository interfaces.
2025-07-11T23:59:53.576-04:00  INFO 22656 --- [arkajvalenzuela] [    Test worker] o.hibernate.jpa.internal.util.LogHelper  : HHH000204: Processing PersistenceUnitInfo [name: default]
2025-07-11T23:59:53.758-04:00  INFO 22656 --- [arkajvalenzuela] [    Test worker] org.hibernate.Version                    : HHH000412: Hibernate ORM core version 6.6.18.Final
2025-07-11T23:59:53.874-04:00  INFO 22656 --- [arkajvalenzuela] [    Test worker] o.h.c.internal.RegionFactoryInitiator    : HHH000026: Second-level cache disabled
2025-07-11T23:59:54.744-04:00  INFO 22656 --- [arkajvalenzuela] [    Test worker] o.s.o.j.p.SpringPersistenceUnitInfo      : No LoadTimeWeaver setup: ignoring JPA class transformer
2025-07-11T23:59:54.828-04:00  INFO 22656 --- [arkajvalenzuela] [    Test worker] com.zaxxer.hikari.HikariDataSource       : HikariPool-1 - Starting...
2025-07-11T23:59:55.276-04:00  INFO 22656 --- [arkajvalenzuela] [    Test worker] com.zaxxer.hikari.pool.HikariPool        : HikariPool-1 - Added connection conn0: url=jdbc:h2:mem:testdb user=SA
2025-07-11T23:59:55.276-04:00  INFO 22656 --- [arkajvalenzuela] [    Test worker] com.zaxxer.hikari.HikariDataSource       : HikariPool-1 - Start completed.
2025-07-11T23:59:55.333-04:00  WARN 22656 --- [arkajvalenzuela] [    Test worker] org.hibernate.orm.deprecation            : HHH90000025: H2Dialect does not need to be specified explicitly using 'hibernate.dialect' (remove the property setting and it will be selected by default)
2025-07-11T23:59:55.383-04:00  INFO 22656 --- [arkajvalenzuela] [    Test worker] org.hibernate.orm.connections.pooling    : HHH10001005: Database info:
	Database JDBC URL [Connecting through datasource 'HikariDataSource (HikariPool-1)']
	Database driver: undefined/unknown
	Database version: 2.3.232
	Autocommit mode: undefined/unknown
	Isolation level: undefined/unknown
	Minimum pool size: undefined/unknown
	Maximum pool size: undefined/unknown
2025-07-11T23:59:57.341-04:00  INFO 22656 --- [arkajvalenzuela] [    Test worker] o.h.e.t.j.p.i.JtaPlatformInitiator       : HHH000489: No JTA platform available (set 'hibernate.transaction.jta.platform' to enable JTA platform integration)
2025-07-11T23:59:57.425-04:00  INFO 22656 --- [arkajvalenzuela] [    Test worker] j.LocalContainerEntityManagerFactoryBean : Initialized JPA EntityManagerFactory for persistence unit 'default'
2025-07-11T23:59:58.586-04:00  WARN 22656 --- [arkajvalenzuela] [    Test worker] JpaBaseConfiguration$JpaWebConfiguration : spring.jpa.open-in-view is enabled by default. Therefore, database queries may be performed during view rendering. Explicitly configure spring.jpa.open-in-view to disable this warning
2025-07-11T23:59:59.542-04:00  INFO 22656 --- [arkajvalenzuela] [    Test worker] o.s.b.a.h2.H2ConsoleAutoConfiguration    : H2 console available at '/h2-console'. Database available at 'jdbc:h2:mem:testdb'
2025-07-11T23:59:59.793-04:00  INFO 22656 --- [arkajvalenzuela] [    Test worker] c.a.a.ArkajvalenzuelaApplicationTests    : Started ArkajvalenzuelaApplicationTests in 10.015 seconds (process running for 13.31)
]]></system-out>
  <system-err><![CDATA[]]></system-err>
</testsuite>
